

Microchip MPLAB XC8 Assembler V2.32 build 20210201212658 
                                                                                               Tue Feb 15 20:44:04 2022

Microchip MPLAB XC8 C Compiler v2.32 (Free license) build 20210201212658 Og1 
     1                           	processor	16F15214
     2                           	pagewidth 120
     3                           	opt	flic
     4                           	psect	idataCOMMON,global,class=CODE,delta=2,noexec
     5                           	psect	cinit,global,class=CODE,merge=1,delta=2
     6                           	psect	bssCOMMON,global,class=COMMON,space=1,delta=1,noexec
     7                           	psect	dataCOMMON,global,class=COMMON,space=1,delta=1,noexec
     8                           	psect	cstackCOMMON,global,class=COMMON,space=1,delta=1,noexec
     9                           	psect	maintext,global,class=CODE,merge=1,split=1,delta=2
    10                           	psect	intentry,global,class=CODE,delta=2
    11                           	psect	idloc,global,abs,ovrld,class=IDLOC,space=5,delta=2,noexec
    12                           	psect	config,global,abs,ovrld,class=CONFIG,space=4,delta=2,noexec
    13                           	dabs	1,0x7E,2
    14  0000                     
    15                           ; Version 2.40
    16                           ; Generated 19/01/2022 GMT
    17                           ; 
    18                           ; Copyright © 2022, Microchip Technology Inc. and its subsidiaries ("Microchip")
    19                           ; All rights reserved.
    20                           ; 
    21                           ; This software is developed by Microchip Technology Inc. and its subsidiaries ("Microch
      +                          ip").
    22                           ; 
    23                           ; Redistribution and use in source and binary forms, with or without modification, are
    24                           ; permitted provided that the following conditions are met:
    25                           ; 
    26                           ;     1. Redistributions of source code must retain the above copyright notice, this lis
      +                          t of
    27                           ;        conditions and the following disclaimer.
    28                           ; 
    29                           ;     2. Redistributions in binary form must reproduce the above copyright notice, this 
      +                          list
    30                           ;        of conditions and the following disclaimer in the documentation and/or other
    31                           ;        materials provided with the distribution. Publication is not required when
    32                           ;        this file is used in an embedded application.
    33                           ; 
    34                           ;     3. Microchip's name may not be used to endorse or promote products derived from th
      +                          is
    35                           ;        software without specific prior written permission.
    36                           ; 
    37                           ; THIS SOFTWARE IS PROVIDED BY MICROCHIP "AS IS" AND ANY EXPRESS OR IMPLIED WARRANTIES,
    38                           ; INCLUDING, BUT NOT LIMITED TO, THE IMPLIED WARRANTIES OF MERCHANTABILITY AND FITNESS F
      +                          OR
    39                           ; PURPOSE ARE DISCLAIMED.  IN NO EVENT SHALL MICROCHIP BE LIABLE FOR ANY DIRECT, INDIREC
      +                          T,
    40                           ; INCIDENTAL, SPECIAL, EXEMPLARY, OR CONSEQUENTIAL DAMAGES (INCLUDING BUT NOT LIMITED TO
    41                           ; PROCUREMENT OF SUBSTITUTE GOODS OR SERVICES; LOSS OF USE, DATA OR PROFITS; OR BUSINESS
    42                           ; INTERRUPTION) HOWSOEVER CAUSED AND ON ANY THEORY OF LIABILITY, WHETHER IN CONTRACT, ST
      +                          RICT
    43                           ; LIABILITY, OR TORT (INCLUDING NEGLIGENCE OR OTHERWISE) ARISING IN ANY WAY OUT OF THE U
      +                          SE OF
    44                           ; THIS SOFTWARE, EVEN IF ADVISED OF THE POSSIBILITY OF SUCH DAMAGE.
    45                           ; 
    46                           ; 
    47                           ; Code-generator required, PIC16F15214 Definitions
    48                           ; 
    49                           ; SFR Addresses
    50  0000                     	;# 
    51  0001                     	;# 
    52  0002                     	;# 
    53  0003                     	;# 
    54  0004                     	;# 
    55  0005                     	;# 
    56  0006                     	;# 
    57  0007                     	;# 
    58  0008                     	;# 
    59  0009                     	;# 
    60  000A                     	;# 
    61  000B                     	;# 
    62  000C                     	;# 
    63  0012                     	;# 
    64  0018                     	;# 
    65  009A                     	;# 
    66  009B                     	;# 
    67  009B                     	;# 
    68  009C                     	;# 
    69  009D                     	;# 
    70  009E                     	;# 
    71  009F                     	;# 
    72  0119                     	;# 
    73  011A                     	;# 
    74  011B                     	;# 
    75  011B                     	;# 
    76  011C                     	;# 
    77  011D                     	;# 
    78  011E                     	;# 
    79  011F                     	;# 
    80  018C                     	;# 
    81  018D                     	;# 
    82  018E                     	;# 
    83  018F                     	;# 
    84  0190                     	;# 
    85  0191                     	;# 
    86  0192                     	;# 
    87  020C                     	;# 
    88  020D                     	;# 
    89  020E                     	;# 
    90  020E                     	;# 
    91  020F                     	;# 
    92  020F                     	;# 
    93  0210                     	;# 
    94  0210                     	;# 
    95  0211                     	;# 
    96  0211                     	;# 
    97  028C                     	;# 
    98  028C                     	;# 
    99  028D                     	;# 
   100  028D                     	;# 
   101  028E                     	;# 
   102  028F                     	;# 
   103  0290                     	;# 
   104  0291                     	;# 
   105  030C                     	;# 
   106  030C                     	;# 
   107  030D                     	;# 
   108  030E                     	;# 
   109  030F                     	;# 
   110  0310                     	;# 
   111  0310                     	;# 
   112  0311                     	;# 
   113  0312                     	;# 
   114  0313                     	;# 
   115  0314                     	;# 
   116  0314                     	;# 
   117  0315                     	;# 
   118  0316                     	;# 
   119  0318                     	;# 
   120  0318                     	;# 
   121  0319                     	;# 
   122  031A                     	;# 
   123  059C                     	;# 
   124  059C                     	;# 
   125  059D                     	;# 
   126  059D                     	;# 
   127  059E                     	;# 
   128  059F                     	;# 
   129  070C                     	;# 
   130  070D                     	;# 
   131  070E                     	;# 
   132  0716                     	;# 
   133  0717                     	;# 
   134  0718                     	;# 
   135  080C                     	;# 
   136  0811                     	;# 
   137  0813                     	;# 
   138  0814                     	;# 
   139  081A                     	;# 
   140  081A                     	;# 
   141  081B                     	;# 
   142  081C                     	;# 
   143  081C                     	;# 
   144  081D                     	;# 
   145  081E                     	;# 
   146  081F                     	;# 
   147  088E                     	;# 
   148  0890                     	;# 
   149  0891                     	;# 
   150  0892                     	;# 
   151  0893                     	;# 
   152  090C                     	;# 
   153  1E8F                     	;# 
   154  1E90                     	;# 
   155  1E91                     	;# 
   156  1E92                     	;# 
   157  1E93                     	;# 
   158  1E9C                     	;# 
   159  1EA1                     	;# 
   160  1EA2                     	;# 
   161  1EC3                     	;# 
   162  1EC5                     	;# 
   163  1EC6                     	;# 
   164  1EC7                     	;# 
   165  1ECB                     	;# 
   166  1ECB                     	;# 
   167  1ECB                     	;# 
   168  1ECC                     	;# 
   169  1ECC                     	;# 
   170  1ECC                     	;# 
   171  1F10                     	;# 
   172  1F11                     	;# 
   173  1F12                     	;# 
   174  1F14                     	;# 
   175  1F15                     	;# 
   176  1F38                     	;# 
   177  1F39                     	;# 
   178  1F3A                     	;# 
   179  1F3B                     	;# 
   180  1F3C                     	;# 
   181  1F3D                     	;# 
   182  1F3E                     	;# 
   183  1F3F                     	;# 
   184  1FE4                     	;# 
   185  1FE5                     	;# 
   186  1FE6                     	;# 
   187  1FE7                     	;# 
   188  1FE8                     	;# 
   189  1FE8                     	;# 
   190  1FE9                     	;# 
   191  1FEA                     	;# 
   192  1FEB                     	;# 
   193  1FED                     	;# 
   194  1FEE                     	;# 
   195  1FEF                     	;# 
   196                           
   197                           	psect	idataCOMMON
   198  0092                     __pidataCOMMON:
   199                           
   200                           ;initializer for _numOfResets
   201  0092  3401               	retlw	1
   202  0093  3400               	retlw	0
   203  000C                     _PORTAbits	set	12
   204  0018                     _LATAbits	set	24
   205  000B                     _INTCON	set	11
   206  0012                     _TRISA	set	18
   207  0018                     _LATA	set	24
   208  000C                     _PORTA	set	12
   209  0716                     _PIE0	set	1814
   210  3860                     _INTF	set	14432
   211  1E90                     _INTPPS	set	7824
   212  1F38                     _ANSELA	set	7992
   213                           
   214                           	psect	cinit
   215  001D                     start_initialization:	
   216                           ; #config settings
   217                           
   218  001D                     __initialization:
   219                           
   220                           ; Initialize objects allocated to COMMON
   221  001D  3180  2092  3180   	fcall	__pidataCOMMON	;fetch initializer
   222  0020  00F7               	movwf	__pdataCOMMON& (0+127)
   223  0021  3180  2093  3180   	fcall	__pidataCOMMON+1	;fetch initializer
   224  0024  00F8               	movwf	(__pdataCOMMON+1)& (0+127)
   225                           
   226                           ; Clear objects allocated to COMMON
   227  0025  01F4               	clrf	__pbssCOMMON& (0+127)
   228  0026  01F5               	clrf	(__pbssCOMMON+1)& (0+127)
   229  0027  01F6               	clrf	(__pbssCOMMON+2)& (0+127)
   230  0028                     end_of_initialization:	
   231                           ;End of C runtime variable initialization code
   232                           
   233  0028                     __end_of__initialization:
   234  0028  107E               	bcf	int$flags,0	;clear compiler interrupt flag (level 1)
   235  0029  0140               	movlb	0
   236  002A  3180  282C         	ljmp	_main	;jump to C main() function
   237                           
   238                           	psect	bssCOMMON
   239  0074                     __pbssCOMMON:
   240  0074                     _cntLastResets:
   241  0074                     	ds	2
   242  0076                     _poweredOn:
   243  0076                     	ds	1
   244                           
   245                           	psect	dataCOMMON
   246  0077                     __pdataCOMMON:
   247  0077                     _numOfResets:
   248  0077                     	ds	2
   249                           
   250                           	psect	cstackCOMMON
   251  0070                     __pcstackCOMMON:
   252  0070                     ??_main:
   253  0070                     ?_interrupts:	
   254                           ; 1 bytes @ 0x0
   255                           
   256  0070                     ??_interrupts:	
   257                           ; 1 bytes @ 0x0
   258                           
   259  0070                     ?_main:	
   260                           ; 1 bytes @ 0x0
   261                           
   262                           
   263                           ; 2 bytes @ 0x0
   264  0070                     	ds	1
   265  0071                     main@i:
   266                           
   267                           ; 2 bytes @ 0x1
   268  0071                     	ds	2
   269  0073                     main@i_91:
   270                           
   271                           ; 1 bytes @ 0x3
   272  0073                     	ds	1
   273                           
   274                           	psect	maintext
   275  002C                     __pmaintext:	
   276 ;;
   277 ;;Main: autosize = 0, tempsize = 1, incstack = 0, save=0
   278 ;;
   279 ;; *************** function _main *****************
   280 ;; Defined at:
   281 ;;		line 36 in file "main.c"
   282 ;; Parameters:    Size  Location     Type
   283 ;;		None
   284 ;; Auto vars:     Size  Location     Type
   285 ;;  i               2    1[COMMON] unsigned short 
   286 ;;  i               1    3[COMMON] unsigned char 
   287 ;; Return value:  Size  Location     Type
   288 ;;                  2   32[None  ] int 
   289 ;; Registers used:
   290 ;;		wreg, status,2, status,0
   291 ;; Tracked objects:
   292 ;;		On entry : B3F/0
   293 ;;		On exit  : 0/0
   294 ;;		Unchanged: 0/0
   295 ;; Data sizes:     COMMON   BANK0   BANK1   BANK2   BANK3   BANK4   BANK5   BANK6
   296 ;;      Params:         0       0       0       0       0       0       0       0
   297 ;;      Locals:         3       0       0       0       0       0       0       0
   298 ;;      Temps:          1       0       0       0       0       0       0       0
   299 ;;      Totals:         4       0       0       0       0       0       0       0
   300 ;;Total ram usage:        4 bytes
   301 ;; Hardware stack levels required when called: 1
   302 ;; This function calls:
   303 ;;		Nothing
   304 ;; This function is called by:
   305 ;;		Startup code after reset
   306 ;; This function uses a non-reentrant model
   307 ;;
   308                           
   309                           
   310                           ;psect for function _main
   311  002C                     _main:
   312  002C                     l578:	
   313                           ;incstack = 0
   314                           ; Regs used in _main: [wreg+status,2+status,0]
   315                           
   316                           
   317                           ;main.c: 38:     PORTA = 0x00;
   318  002C  0140               	movlb	0	; select bank0
   319  002D  018C               	clrf	12	;volatile
   320                           
   321                           ;main.c: 39:     LATA = 0x00;
   322  002E  0198               	clrf	24	;volatile
   323                           
   324                           ;main.c: 40:     ANSELA = 0x00;
   325  002F  017E               	movlb	62	; select bank62
   326  0030  01B8               	clrf	56	;volatile
   327  0031                     l580:
   328                           
   329                           ;main.c: 41:     TRISA = 0b00000100;
   330  0031  3004               	movlw	4
   331  0032  0140               	movlb	0	; select bank0
   332  0033  0092               	movwf	18	;volatile
   333  0034                     l582:
   334                           
   335                           ;main.c: 44:     PIE0 = 0b00000001;
   336  0034  3001               	movlw	1
   337  0035  014E               	movlb	14	; select bank14
   338  0036  0096               	movwf	22	;volatile
   339  0037                     l584:
   340                           
   341                           ;main.c: 45:     INTPPS = 0b00000010;
   342  0037  3002               	movlw	2
   343  0038  017D               	movlb	61	; select bank61
   344  0039  0090               	movwf	16	;volatile
   345  003A                     l586:
   346                           
   347                           ;main.c: 46:     INTF = 0;
   348  003A  014E               	movlb	14	; select bank14
   349  003B  100C               	bcf	12,0	;volatile
   350  003C                     l588:
   351                           
   352                           ;main.c: 47:     INTCON = 0b10010000;
   353  003C  3090               	movlw	144
   354  003D  008B               	movwf	11	;volatile
   355  003E                     l590:
   356                           
   357                           ;main.c: 52:     LATAbits.LATA0 = 0;
   358  003E  0140               	movlb	0	; select bank0
   359  003F  1018               	bcf	24,0	;volatile
   360  0040  0064               	clrwdt	;# 
   361  0041                     l592:
   362                           
   363                           ;main.c: 57:         if (PORTAbits.RA2 == 1) {
   364  0041  0140               	movlb	0	; select bank0
   365  0042  1D0C               	btfss	12,2	;volatile
   366  0043  2845               	goto	u11
   367  0044  2846               	goto	u10
   368  0045                     u11:
   369  0045  287A               	goto	l34
   370  0046                     u10:
   371  0046                     l594:
   372                           
   373                           ;main.c: 58:             if (cntLastResets < 5) {
   374  0046  3000               	movlw	0
   375  0047  0275               	subwf	_cntLastResets+1,w
   376  0048  3005               	movlw	5
   377  0049  1903               	skipnz
   378  004A  0274               	subwf	_cntLastResets,w
   379  004B  1803               	skipnc
   380  004C  284E               	goto	u21
   381  004D  284F               	goto	u20
   382  004E                     u21:
   383  004E  285D               	goto	l600
   384  004F                     u20:
   385  004F                     l596:
   386                           
   387                           ;main.c: 59:                 if (numOfResets >= 1) {
   388  004F  0877               	movf	_numOfResets,w
   389  0050  0478               	iorwf	_numOfResets+1,w
   390  0051  1903               	btfsc	3,2
   391  0052  2854               	goto	u31
   392  0053  2855               	goto	u30
   393  0054                     u31:
   394  0054  285A               	goto	l36
   395  0055                     u30:
   396  0055                     l598:
   397                           
   398                           ;main.c: 60:                     numOfResets--;
   399  0055  3001               	movlw	1
   400  0056  02F7               	subwf	_numOfResets,f
   401  0057  3000               	movlw	0
   402  0058  3BF8               	subwfb	_numOfResets+1,f
   403                           
   404                           ;main.c: 61:                 } else {
   405  0059  287B               	goto	l610
   406  005A                     l36:
   407                           
   408                           ;main.c: 62:                     LATAbits.LATA0 = 1;
   409  005A  1418               	bsf	24,0	;volatile
   410  005B  0063               	sleep	;# 
   411  005C  287B               	goto	l610
   412  005D                     l600:
   413                           
   414                           ;main.c: 67:                 for (uint16_t i=0;i<480;i++){
   415  005D  01F1               	clrf	main@i
   416  005E  01F2               	clrf	main@i+1
   417  005F                     l39:
   418  005F  0064               	clrwdt	;# 
   419  0060                     l606:
   420                           
   421                           ;main.c: 69:                     _delay((unsigned long)((500)*(1000000/4000.0)));
   422  0060  30A3               	movlw	163
   423  0061  00F0               	movwf	??_main
   424  0062  3055               	movlw	85
   425  0063                     u77:
   426  0063  0B89               	decfsz	9,f
   427  0064  2863               	goto	u77
   428  0065  0BF0               	decfsz	??_main,f
   429  0066  2863               	goto	u77
   430  0067  0000               	nop
   431                           
   432                           ;main.c: 70:                 }
   433  0068  3001               	movlw	1
   434  0069  07F1               	addwf	main@i,f
   435  006A  3000               	movlw	0
   436  006B  3DF2               	addwfc	main@i+1,f
   437  006C  3001               	movlw	1
   438  006D  0272               	subwf	main@i+1,w
   439  006E  30E0               	movlw	224
   440  006F  1903               	skipnz
   441  0070  0271               	subwf	main@i,w
   442  0071  1C03               	skipc
   443  0072  2874               	goto	u41
   444  0073  2875               	goto	u40
   445  0074                     u41:
   446  0074  285F               	goto	l39
   447  0075                     u40:
   448  0075                     l608:
   449                           
   450                           ;main.c: 71:                 cntLastResets--;
   451  0075  3001               	movlw	1
   452  0076  02F4               	subwf	_cntLastResets,f
   453  0077  3000               	movlw	0
   454  0078  3BF5               	subwfb	_cntLastResets+1,f
   455  0079  287B               	goto	l610
   456  007A                     l34:
   457                           
   458                           ;main.c: 74:             LATAbits.LATA0 = 0;
   459  007A  1018               	bcf	24,0	;volatile
   460  007B                     l610:
   461                           
   462                           ;main.c: 78:         for (uint8_t i=0;i<120;i++){
   463  007B  01F3               	clrf	main@i_91
   464  007C                     l42:
   465  007C  0064               	clrwdt	;# 
   466  007D                     l616:
   467                           
   468                           ;main.c: 80:             _delay((unsigned long)((500)*(1000000/4000.0)));
   469  007D  30A3               	movlw	163
   470  007E  00F0               	movwf	??_main
   471  007F  3055               	movlw	85
   472  0080                     u87:
   473  0080  0B89               	decfsz	9,f
   474  0081  2880               	goto	u87
   475  0082  0BF0               	decfsz	??_main,f
   476  0083  2880               	goto	u87
   477  0084  0000               	nop
   478  0085                     l618:
   479                           
   480                           ;main.c: 81:         }
   481  0085  3001               	movlw	1
   482  0086  00F0               	movwf	??_main
   483  0087  0870               	movf	??_main,w
   484  0088  07F3               	addwf	main@i_91,f
   485  0089                     l620:
   486  0089  3078               	movlw	120
   487  008A  0273               	subwf	main@i_91,w
   488  008B  1C03               	skipc
   489  008C  288E               	goto	u51
   490  008D  288F               	goto	u50
   491  008E                     u51:
   492  008E  287C               	goto	l42
   493  008F                     u50:
   494  008F  2841               	goto	l592
   495  0090  3180  281B         	ljmp	start
   496  0092                     __end_of_main:
   497                           
   498                           	psect	intentry
   499  0004                     __pintentry:	
   500 ;; *************** function _interrupts *****************
   501 ;; Defined at:
   502 ;;		line 88 in file "main.c"
   503 ;; Parameters:    Size  Location     Type
   504 ;;		None
   505 ;; Auto vars:     Size  Location     Type
   506 ;;		None
   507 ;; Return value:  Size  Location     Type
   508 ;;                  1    wreg      void 
   509 ;; Registers used:
   510 ;;		wreg, status,2, status,0
   511 ;; Tracked objects:
   512 ;;		On entry : 0/0
   513 ;;		On exit  : 0/0
   514 ;;		Unchanged: 0/0
   515 ;; Data sizes:     COMMON   BANK0   BANK1   BANK2   BANK3   BANK4   BANK5   BANK6
   516 ;;      Params:         0       0       0       0       0       0       0       0
   517 ;;      Locals:         0       0       0       0       0       0       0       0
   518 ;;      Temps:          0       0       0       0       0       0       0       0
   519 ;;      Totals:         0       0       0       0       0       0       0       0
   520 ;;Total ram usage:        0 bytes
   521 ;; Hardware stack levels used: 1
   522 ;; This function calls:
   523 ;;		Nothing
   524 ;; This function is called by:
   525 ;;		Interrupt level 1
   526 ;; This function uses a non-reentrant model
   527 ;;
   528                           
   529  0004                     _interrupts:
   530                           
   531                           ;incstack = 0
   532  0004  147E               	bsf	int$flags,0	;set compiler interrupt flag (level 1)
   533                           
   534                           ; Regs used in _interrupts: [wreg+status,2+status,0]
   535  0005  3180               	pagesel	$
   536  0006                     i1l622:
   537                           
   538                           ;main.c: 91:     if (INTF==1) {
   539  0006  014E               	movlb	14	; select bank14
   540  0007  1C0C               	btfss	12,0	;volatile
   541  0008  280A               	goto	u6_21
   542  0009  280B               	goto	u6_20
   543  000A                     u6_21:
   544  000A  2819               	goto	i1l52
   545  000B                     u6_20:
   546  000B                     i1l624:
   547                           
   548                           ;main.c: 92:         LATAbits.LATA0 = 0;
   549  000B  0140               	movlb	0	; select bank0
   550  000C  1018               	bcf	24,0	;volatile
   551  000D                     i1l626:
   552                           
   553                           ;main.c: 93:         cntLastResets++;
   554  000D  3001               	movlw	1
   555  000E  07F4               	addwf	_cntLastResets,f
   556  000F  3000               	movlw	0
   557  0010  3DF5               	addwfc	_cntLastResets+1,f
   558  0011                     i1l628:
   559                           
   560                           ;main.c: 94:         numOfResets = (numOfResets + 2);
   561  0011  0877               	movf	_numOfResets,w
   562  0012  3E02               	addlw	2
   563  0013  00F7               	movwf	_numOfResets
   564  0014  3000               	movlw	0
   565  0015  3D78               	addwfc	_numOfResets+1,w
   566  0016  00F8               	movwf	_numOfResets+1
   567  0017                     i1l630:
   568                           
   569                           ;main.c: 95:         INTF = 0;
   570  0017  014E               	movlb	14	; select bank14
   571  0018  100C               	bcf	12,0	;volatile
   572  0019                     i1l52:
   573  0019  107E               	bcf	int$flags,0	;clear compiler interrupt flag (level 1)
   574  001A  0009               	retfie
   575  001B                     __end_of_interrupts:
   576  007E                     btemp	set	126	;btemp
   577  007E                     int$flags	set	126
   578  007E                     wtemp0	set	126
   579                           
   580                           	psect	idloc
   581                           
   582                           ;Config register IDLOC0 @ 0x8000
   583                           ;	unspecified, using default values
   584  8000                     	org	32768
   585  8000  3FFF               	dw	16383
   586                           
   587                           ;Config register IDLOC1 @ 0x8001
   588                           ;	unspecified, using default values
   589  8001                     	org	32769
   590  8001  3FFF               	dw	16383
   591                           
   592                           ;Config register IDLOC2 @ 0x8002
   593                           ;	unspecified, using default values
   594  8002                     	org	32770
   595  8002  3FFF               	dw	16383
   596                           
   597                           ;Config register IDLOC3 @ 0x8003
   598                           ;	unspecified, using default values
   599  8003                     	org	32771
   600  8003  3FFF               	dw	16383
   601                           
   602                           	psect	config
   603                           
   604                           ;Config register CONFIG1 @ 0x8007
   605                           ;	External Oscillator Mode Selection bits
   606                           ;	FEXTOSC = OFF, Oscillator not enabled
   607                           ;	Power-up Default Value for COSC bits
   608                           ;	RSTOSC = HFINTOSC_1MHZ, HFINTOSC (1 MHz)
   609                           ;	Clock Out Enable bit
   610                           ;	CLKOUTEN = OFF, CLKOUT function is disabled; I/O function on RA4
   611                           ;	VDD Range Analog Calibration Selection bit
   612                           ;	VDDAR = HI, Internal analog systems are calibrated for operation between VDD = 2.3V - 
      +                          5.5V
   613  8007                     	org	32775
   614  8007  3FED               	dw	16365
   615                           
   616                           ;Config register CONFIG2 @ 0x8008
   617                           ;	Master Clear Enable bit
   618                           ;	MCLRE = EXTMCLR, If LVP = 0, MCLR pin is MCLR; If LVP = 1, RA3 pin function is MCLR
   619                           ;	Power-up Timer Selection bits
   620                           ;	PWRTS = PWRT_OFF, PWRT is disabled
   621                           ;	WDT Operating Mode bits
   622                           ;	WDTE = ON, WDT enabled regardless of Sleep; SEN bit is ignored
   623                           ;	Brown-out Reset Enable bits
   624                           ;	BOREN = NSLEEP, Brown-out Reset enabled while running, disabled in Sleep; SBOREN is ig
      +                          nored
   625                           ;	Brown-out Reset Voltage Selection bit
   626                           ;	BORV = LO, Brown-out Reset Voltage (VBOR) set to 1.9V
   627                           ;	PPSLOCKED One-Way Set Enable bit
   628                           ;	PPS1WAY = 0x1, unprogrammed default
   629                           ;	Stack Overflow/Underflow Reset Enable bit
   630                           ;	STVREN = 0x1, unprogrammed default
   631  8008                     	org	32776
   632  8008  3FBF               	dw	16319
   633                           
   634                           ;Config register CONFIG3 @ 0x8009
   635                           ;	unspecified, using default values
   636  8009                     	org	32777
   637  8009  3FFF               	dw	16383
   638                           
   639                           ;Config register CONFIG4 @ 0x800A
   640                           ;	unspecified, using default values
   641                           ;	Boot Block Size Selection bits
   642                           ;	BBSIZE = 0x7, unprogrammed default
   643                           ;	Boot Block Enable bit
   644                           ;	BBEN = 0x1, unprogrammed default
   645                           ;	SAF Enable bit
   646                           ;	SAFEN = 0x1, unprogrammed default
   647                           ;	Application Block Write Protection bit
   648                           ;	WRTAPP = 0x1, unprogrammed default
   649                           ;	Boot Block Write Protection bit
   650                           ;	WRTB = 0x1, unprogrammed default
   651                           ;	Configuration Registers Write Protection bit
   652                           ;	WRTC = 0x1, unprogrammed default
   653                           ;	Storage Area Flash (SAF) Write Protection bit
   654                           ;	WRTSAF = 0x1, unprogrammed default
   655                           ;	Low Voltage Programming Enable bit
   656                           ;	LVP = 0x1, unprogrammed default
   657  800A                     	org	32778
   658  800A  3FFF               	dw	16383
   659                           
   660                           ;Config register CONFIG5 @ 0x800B
   661                           ;	unspecified, using default values
   662                           ;	User Program Flash Memory Code Protection bit
   663                           ;	CP = 0x1, unprogrammed default
   664  800B                     	org	32779
   665  800B  3FFF               	dw	16383

Data Sizes:
    Strings     0
    Constant    0
    Data        2
    BSS         3
    Persistent  32
    Stack       0

Auto Spaces:
    Space          Size  Autos    Used
    COMMON           14      4       9
    BANK0            80      0       0
    BANK1            80      0       0
    BANK2            80      0       0
    BANK3            80      0       0
    BANK4            80      0       0
    BANK5            80      0       0
    BANK6            16      0       0

Pointer List with Targets:

    None.

Critical Paths under _main in COMMON

    None.

Critical Paths under _interrupts in COMMON

    None.

Critical Paths under _main in BANK0

    None.

Critical Paths under _interrupts in BANK0

    None.

Critical Paths under _main in BANK1

    None.

Critical Paths under _interrupts in BANK1

    None.

Critical Paths under _main in BANK2

    None.

Critical Paths under _interrupts in BANK2

    None.

Critical Paths under _main in BANK3

    None.

Critical Paths under _interrupts in BANK3

    None.

Critical Paths under _main in BANK4

    None.

Critical Paths under _interrupts in BANK4

    None.

Critical Paths under _main in BANK5

    None.

Critical Paths under _interrupts in BANK5

    None.

Critical Paths under _main in BANK6

    None.

Critical Paths under _interrupts in BANK6

    None.

Call Graph Tables:

 ---------------------------------------------------------------------------------
 (Depth) Function   	        Calls       Base Space   Used Autos Params    Refs
 ---------------------------------------------------------------------------------
 (0) _main                                                 4     4      0      60
                                              0 COMMON     4     4      0
 ---------------------------------------------------------------------------------
 Estimated maximum stack depth 0
 ---------------------------------------------------------------------------------
 (Depth) Function   	        Calls       Base Space   Used Autos Params    Refs
 ---------------------------------------------------------------------------------
 (1) _interrupts                                           0     0      0       0
 ---------------------------------------------------------------------------------
 Estimated maximum stack depth 1
 ---------------------------------------------------------------------------------

 Call Graph Graphs:

 _main (ROOT)

 _interrupts (ROOT)

 Address spaces:
Name               Size   Autos  Total    Cost      Usage
BIGRAM             1F0      0       0       0        0.0%
NULL                 0      0       0       0        0.0%
CODE                 0      0       0       0        0.0%
BITCOMMON            E      0       0       1        0.0%
BITSFR0              0      0       0       1        0.0%
SFR0                 0      0       0       1        0.0%
COMMON               E      4       9       2       64.3%
BITSFR1              0      0       0       2        0.0%
SFR1                 0      0       0       2        0.0%
BITSFR2              0      0       0       3        0.0%
SFR2                 0      0       0       3        0.0%
STACK                0      0       0       3        0.0%
BITSFR3              0      0       0       4        0.0%
SFR3                 0      0       0       4        0.0%
ABS                  0      0       9       4        0.0%
BITBANK0            50      0       0       5        0.0%
BITSFR4              0      0       0       5        0.0%
SFR4                 0      0       0       5        0.0%
BANK0               50      0       0       6        0.0%
BITSFR5              0      0       0       6        0.0%
SFR5                 0      0       0       6        0.0%
BITBANK1            50      0       0       7        0.0%
BITSFR6              0      0       0       7        0.0%
SFR6                 0      0       0       7        0.0%
BANK1               50      0       0       8        0.0%
BITSFR7              0      0       0       8        0.0%
SFR7                 0      0       0       8        0.0%
BITBANK2            50      0       0       9        0.0%
BITSFR8              0      0       0       9        0.0%
SFR8                 0      0       0       9        0.0%
BANK2               50      0       0      10        0.0%
BITSFR9              0      0       0      10        0.0%
SFR9                 0      0       0      10        0.0%
BITBANK3            50      0       0      11        0.0%
BITSFR10             0      0       0      11        0.0%
SFR10                0      0       0      11        0.0%
BANK3               50      0       0      12        0.0%
BITSFR11             0      0       0      12        0.0%
SFR11                0      0       0      12        0.0%
BITBANK4            50      0       0      13        0.0%
BITSFR12             0      0       0      13        0.0%
SFR12                0      0       0      13        0.0%
BANK4               50      0       0      14        0.0%
BITSFR13             0      0       0      14        0.0%
SFR13                0      0       0      14        0.0%
BITBANK5            50      0       0      15        0.0%
BITSFR14             0      0       0      15        0.0%
SFR14                0      0       0      15        0.0%
BANK5               50      0       0      16        0.0%
BITSFR15             0      0       0      16        0.0%
SFR15                0      0       0      16        0.0%
BITBANK6            10      0       0      17        0.0%
BITSFR16             0      0       0      17        0.0%
SFR16                0      0       0      17        0.0%
BANK6               10      0       0      18        0.0%
BITSFR17             0      0       0      18        0.0%
SFR17                0      0       0      18        0.0%
BITSFR18             0      0       0      19        0.0%
SFR18                0      0       0      19        0.0%
DATA                 0      0       9      19        0.0%
BITSFR19             0      0       0      20        0.0%
SFR19                0      0       0      20        0.0%
BITSFR20             0      0       0      21        0.0%
SFR20                0      0       0      21        0.0%
BITSFR21             0      0       0      22        0.0%
SFR21                0      0       0      22        0.0%
BITSFR22             0      0       0      23        0.0%
SFR22                0      0       0      23        0.0%
BITSFR23             0      0       0      24        0.0%
SFR23                0      0       0      24        0.0%
BITSFR24             0      0       0      25        0.0%
SFR24                0      0       0      25        0.0%
BITSFR25             0      0       0      26        0.0%
SFR25                0      0       0      26        0.0%
BITSFR26             0      0       0      27        0.0%
SFR26                0      0       0      27        0.0%
BITSFR27             0      0       0      28        0.0%
SFR27                0      0       0      28        0.0%
BITSFR28             0      0       0      29        0.0%
SFR28                0      0       0      29        0.0%
BITSFR29             0      0       0      30        0.0%
SFR29                0      0       0      30        0.0%
BITSFR30             0      0       0      31        0.0%
SFR30                0      0       0      31        0.0%
BITSFR31             0      0       0      32        0.0%
SFR31                0      0       0      32        0.0%
BITSFR32             0      0       0      33        0.0%
SFR32                0      0       0      33        0.0%
BITSFR33             0      0       0      34        0.0%
SFR33                0      0       0      34        0.0%
BITSFR34             0      0       0      35        0.0%
SFR34                0      0       0      35        0.0%
BITSFR35             0      0       0      36        0.0%
SFR35                0      0       0      36        0.0%
BITSFR36             0      0       0      37        0.0%
SFR36                0      0       0      37        0.0%
BITSFR37             0      0       0      38        0.0%
SFR37                0      0       0      38        0.0%
BITSFR38             0      0       0      39        0.0%
SFR38                0      0       0      39        0.0%
BITSFR39             0      0       0      40        0.0%
SFR39                0      0       0      40        0.0%
BITSFR40             0      0       0      41        0.0%
SFR40                0      0       0      41        0.0%
BITSFR41             0      0       0      42        0.0%
SFR41                0      0       0      42        0.0%
BITSFR42             0      0       0      43        0.0%
SFR42                0      0       0      43        0.0%
BITSFR43             0      0       0      44        0.0%
SFR43                0      0       0      44        0.0%
BITSFR44             0      0       0      45        0.0%
SFR44                0      0       0      45        0.0%
BITSFR45             0      0       0      46        0.0%
SFR45                0      0       0      46        0.0%
BITSFR46             0      0       0      47        0.0%
SFR46                0      0       0      47        0.0%
BITSFR47             0      0       0      48        0.0%
SFR47                0      0       0      48        0.0%
BITSFR48             0      0       0      49        0.0%
SFR48                0      0       0      49        0.0%
BITSFR49             0      0       0      50        0.0%
SFR49                0      0       0      50        0.0%
BITSFR50             0      0       0      51        0.0%
SFR50                0      0       0      51        0.0%
BITSFR51             0      0       0      52        0.0%
SFR51                0      0       0      52        0.0%
BITSFR52             0      0       0      53        0.0%
SFR52                0      0       0      53        0.0%
BITSFR53             0      0       0      54        0.0%
SFR53                0      0       0      54        0.0%
BITSFR54             0      0       0      55        0.0%
SFR54                0      0       0      55        0.0%
BITSFR55             0      0       0      56        0.0%
SFR55                0      0       0      56        0.0%
BITSFR56             0      0       0      57        0.0%
SFR56                0      0       0      57        0.0%
BITSFR57             0      0       0      58        0.0%
SFR57                0      0       0      58        0.0%
BITSFR58             0      0       0      59        0.0%
SFR58                0      0       0      59        0.0%
BITSFR59             0      0       0      60        0.0%
SFR59                0      0       0      60        0.0%
BITSFR60             0      0       0      61        0.0%
SFR60                0      0       0      61        0.0%
BITSFR61             0      0       0      62        0.0%
SFR61                0      0       0      62        0.0%
BITSFR62             0      0       0      63        0.0%
SFR62                0      0       0      63        0.0%
BITSFR63             0      0       0      64        0.0%
SFR63                0      0       0      64        0.0%


Microchip Technology PIC Macro Assembler V2.32 build 20210201212658 
Symbol Table                                                                                   Tue Feb 15 20:44:04 2022

                     l42 007C                       l34 007A                       l36 005A  
                     l39 005F                       u10 0046                       u11 0045  
                     u20 004F                       u21 004E                       u30 0055  
                     u31 0054                       u40 0075                       u41 0074  
                     u50 008F                       u51 008E                       u77 0063  
                     u87 0080                      l600 005D                      l610 007B  
                    l620 0089                      l606 0060                      l616 007D  
                    l608 0075                      l618 0085                      l580 0031  
                    l590 003E                      l582 0034                      l592 0041  
                    l584 0037                      l594 0046                      l586 003A  
                    l578 002C                      l596 004F                      l588 003C  
                    l598 0055                      wreg 0009                     _LATA 0018  
                   _PIE0 0716                     _INTF 3860                     i1l52 0019  
                   u6_20 000B                     u6_21 000A                     _main 002C  
                   btemp 007E                     start 001B                    ?_main 0070  
                  i1l630 0017                    i1l622 0006                    i1l624 000B  
                  i1l626 000D                    i1l628 0011                    _PORTA 000C  
                  _TRISA 0012                    main@i 0071                    status 0003  
                  wtemp0 007E          __initialization 001D             __end_of_main 0092  
                 ??_main 0070                   _ANSELA 1F38                   _INTCON 000B  
                 _INTPPS 1E90             __pdataCOMMON 0077  __end_of__initialization 0028  
         __pcstackCOMMON 0070               __pmaintext 002C               __pintentry 0004  
             _interrupts 0004     end_of_initialization 0028                _PORTAbits 000C  
          __pidataCOMMON 0092      start_initialization 001D              ?_interrupts 0070  
            __pbssCOMMON 0074                ___latbits 0001      __size_of_interrupts 0017  
               _LATAbits 0018                _poweredOn 0076            _cntLastResets 0074  
           ??_interrupts 0070            __size_of_main 0066                 int$flags 007E  
     __end_of_interrupts 001B                 main@i_91 0073              _numOfResets 0077  
               intlevel1 0000  
